        -:    0:Source:cardtest1.c
        -:    0:Graph:cardtest1.gcno
        -:    0:Data:cardtest1.gcda
        -:    0:Runs:1
        -:    0:Programs:1
        -:    1:#include <stdlib.h>
        -:    2:#include <stdio.h>
        -:    3:#include "dominion.h"
        -:    4:#include "dominion_helpers.h"
        -:    5:#include "rngs.h"
        -:    6:
        -:    7://testing the smithy card
        -:    8:
function main called 1 returned 100% blocks executed 86%
        1:    9:int main(int argc, char** argv) {
        -:   10:
        1:   11:printf("/*********************** Testing Smithy Card **************************/\n");
call    0 returned 100%
        -:   12:
        -:   13://declare variables
        -:   14:struct gameState game;
        -:   15:
        1:   16:int players = 2; 
        -:   17:
        1:   18:int k[10] = {1, 2, 3, 4, 5, 6, 7, 8, 9, 10};
        1:   19:int seed = rand() % 10;  
call    0 returned 100%
        1:   20:int bonus = 0;
        1:   21:int handPosition = 4;
        1:   22:int choice1 = 0;
        1:   23:int choice2 = 0; 
        1:   24:int choice3 = 0; 
        -:   25://initialize game
        -:   26:
        1:   27:initializeGame(players, k, seed, &game);
call    0 returned 100%
        -:   28:
        -:   29://grab numbers before calling the card
        1:   30:int handCount1 = numHandCards(&game);
call    0 returned 100%
        -:   31:
        1:   32:if(cardEffect(smithy, choice1, choice2, choice3, &game, handPosition, bonus) == 0){
call    0 returned 100%
branch  1 taken 100% (fallthrough)
branch  2 taken 0%
        -:   33:
        1:   34:	int handCount2 = numHandCards(&game); 
call    0 returned 100%
        -:   35:
        1:   36:	if(handCount2 == (handCount1 + 3 - 1)) {
branch  0 taken 0% (fallthrough)
branch  1 taken 100%
    #####:   37:		printf("SMITHY CARD TEST HAS PASSED\n"); 	
call    0 never executed
        -:   38:	}
        -:   39:	else {
        1:   40:		printf("SMITHY CARD TEST HAS FAILED \n");
call    0 returned 100%
        -:   41:	}
        -:   42:}
        -:   43:else {
        -:   44:
    #####:   45:	printf("SMITHY CARD TEST HAS FAILED!\n");
call    0 never executed
        -:   46:}
        -:   47:
        1:   48: return 0; 
        -:   49:}
