        -:    0:Source:cardtest2.c
        -:    0:Graph:cardtest2.gcno
        -:    0:Data:cardtest2.gcda
        -:    0:Runs:1
        -:    0:Programs:1
        -:    1:#include <stdlib.h>
        -:    2:#include <stdio.h>
        -:    3:#include <assert.h>
        -:    4:#include "dominion.h"
        -:    5:#include "dominion_helpers.h"
        -:    6:#include "rngs.h"
        -:    7:
        -:    8://testing the adventurer card
        -:    9:
function main called 1 returned 100% blocks executed 86%
        1:   10:int main(int argc, char** argv) {
        1:   11:printf("/*********************** Testing Adventurer Card **************************/\n");
call    0 returned 100%
        -:   12://declare variables
        -:   13:struct gameState game;
        1:   14:int seed = rand() % 10;
call    0 returned 100%
        1:   15:int players = 2;
        1:   16:int bonus = 0; 
        1:   17:int handPosition = 4; 
        1:   18:int choice1, choice2, choice3 = 0; 
        1:   19:int k[10] = {1, 2, 3, 4, 5, 6, 7, 8, 9, 10};
        -:   20:
        -:   21://initialize game
        -:   22:
        1:   23:initializeGame(players, k, seed, &game);
call    0 returned 100%
        -:   24:
        -:   25://grab numbers before calling the card
        1:   26:int handCount1 = numHandCards(&game);
call    0 returned 100%
        -:   27:
        1:   28:if(cardEffect(adventurer, choice1, choice2, choice3, &game, handPosition, bonus) == 0){
call    0 returned 100%
branch  1 taken 100% (fallthrough)
branch  2 taken 0%
        -:   29:
        1:   30:int handCount2 = numHandCards(&game);
call    0 returned 100%
        -:   31:
        -:   32:	//check if deck has grown by more than 2 (number of treasure cards that can be taken with this card)
        1:   33:	if(handCount2 == (handCount1 + 2)){
branch  0 taken 0% (fallthrough)
branch  1 taken 100%
    #####:   34:		printf("ADVENTURER CARD TEST HAS PASSED\n");
call    0 never executed
        -:   35:	}
        -:   36:	else {
        1:   37:		 printf("ADVENTURER CARD TEST HAS FAILED\n");
call    0 returned 100%
        -:   38:	}
        -:   39:}
        -:   40:else
        -:   41:{
    #####:   42:	printf("ADVENTURER CARD TEST HAS FAILED\n");
call    0 never executed
        -:   43:}
        -:   44:
        1:   45:return 0;
        -:   46:
        -:   47:}
