        -:    0:Source:unittest2.c
        -:    0:Graph:unittest2.gcno
        -:    0:Data:unittest2.gcda
        -:    0:Runs:1
        -:    0:Programs:1
        -:    1:#include <stdlib.h>
        -:    2:#include <stdio.h>
        -:    3:#include "assert.h"
        -:    4:#include "dominion.h"
        -:    5:#include "rngs.h"
        -:    6:#include <time.h>
        -:    7:
        -:    8://testing supplyCount function in dominion.c
        -:    9:
function main called 1 returned 100% blocks executed 92%
        1:   10:int main(int argc, char** argv){
        -:   11:
        1:   12:printf("/*********************** Testing SupplyCount() **************************/\n");
call    0 returned 100%
        -:   13:
        -:   14://initialize variables, create a new game state, and call initializeGame()
        -:   15:
        -:   16:struct gameState game;
        1:   17:int k[10] = {1, 2, 3, 4, 5, 6, 7, 8, 9, 10};
        -:   18:
        -:   19://initialize game
        1:   20:int numPlayers = 2;
        1:   21:int seed = rand() % 10;
call    0 returned 100%
        1:   22:initializeGame(numPlayers, k, seed, &game);
call    0 returned 100%
        -:   23:
        -:   24://set the supply count for a few cards
        1:   25:game.supplyCount[0] = 1;
        1:   26:game.supplyCount[1] = 2;
        1:   27:game.supplyCount[2] = 3; 
        -:   28:
        -:   29://test to see if the supply counts are right
        -:   30:
        1:   31:if(supplyCount(0, &game) == 1 && supplyCount(1, &game) == 2 && supplyCount(2, &game) ==3){
call    0 returned 100%
branch  1 taken 100% (fallthrough)
branch  2 taken 0%
call    3 returned 100%
branch  4 taken 100% (fallthrough)
branch  5 taken 0%
call    6 returned 100%
branch  7 taken 100% (fallthrough)
branch  8 taken 0%
        -:   32:
        1:   33:printf("SupplyCount() TEST HAS PASSED\n");
call    0 returned 100%
        -:   34:
        -:   35:}
        -:   36:else {
        -:   37:
    #####:   38:printf("SupplyCount() TEST HAS FAILED!\n");
call    0 never executed
        -:   39:
        -:   40:}
        -:   41:
        1:   42:return 0; 
        -:   43:
        -:   44:}
