        -:    0:Source:cardtest3.c
        -:    0:Graph:cardtest3.gcno
        -:    0:Data:cardtest3.gcda
        -:    0:Runs:1
        -:    0:Programs:1
        -:    1:
        -:    2:#include <stdlib.h>
        -:    3:#include <stdio.h>
        -:    4:#include "dominion.h"
        -:    5:#include "dominion_helpers.h"
        -:    6:#include "rngs.h"
        -:    7:
        -:    8://testing the village card
        -:    9:
function main called 1 returned 100% blocks executed 87%
        1:   10:int main(int argc, char** argv) {
        -:   11:
        1:   12:printf("/*********************** Testing Village Card **************************/\n");
call    0 returned 100%
        -:   13:
        -:   14://declare variables
        -:   15:struct gameState game;
        1:   16:int seed = rand() % 10; 
call    0 returned 100%
        1:   17:int players = 2;
        1:   18:int choice1 = 0;
        1:   19:int choice2 = 0; 
        1:   20:int choice3 = 0;
        -:   21:
        1:   22:int k[10] = {1, 2, 3, 4, 5, 6, 7, 8, 9, 10};
        -:   23:
        -:   24://initialize game
        -:   25:
        1:   26:initializeGame(players, k, seed, &game);
call    0 returned 100%
        -:   27:
        -:   28://grab numbers before calling the card
        1:   29:int handCount1 = numHandCards(&game);
call    0 returned 100%
        1:   30:int actionCards1 = game.numActions;
        -:   31:
        1:   32:if(cardEffect(village, choice1, choice2, choice3, &game, 0, 0) == 0){
call    0 returned 100%
branch  1 taken 100% (fallthrough)
branch  2 taken 0%
        -:   33:
        1:   34:	int handCount2 = numHandCards(&game);
call    0 returned 100%
        1:   35:	int actionCards2 = game.numActions; 
        -:   36:
        -:   37:	//check if drawn cards has gone up by 1 and one has been discarded
        1:   38:	if((handCount2 == (handCount1 + 1 - 1)) && (actionCards2 == (actionCards1 + 2))){
branch  0 taken 100% (fallthrough)
branch  1 taken 0%
branch  2 taken 100% (fallthrough)
branch  3 taken 0%
        -:   39:
        1:   40:		printf("VILLAGE CARD TEST HAS PASSED\n");
call    0 returned 100%
        -:   41:	}
        -:   42:	else
    #####:   43:		printf("VILLAGE CARD TEST HAS FAILED\n");
call    0 never executed
        -:   44:
        -:   45:}
        -:   46:else {
        -:   47:
    #####:   48:	printf("VILLAGE CARD TEST HAS FAILED\n");
call    0 never executed
        -:   49:}
        -:   50:
        -:   51:
        1:   52:return 0;
        -:   53:
        -:   54:}
