        -:    0:Source:danielle_dominion.c
        -:    0:Graph:danielle_dominion.gcno
        -:    0:Data:danielle_dominion.gcda
        -:    0:Runs:1
        -:    0:Programs:1
        -:    1:#include "dominion.h"
        -:    2:#include "dominion_helpers.h"
        -:    3:#include "rngs.h"
        -:    4:#include <stdio.h>
        -:    5:#include <math.h>
        -:    6:#include <stdlib.h>
        -:    7:
        -:    8:
function smithyfunction called 0 returned 0% blocks executed 0%
    #####:    9:int smithyfunction(int currentPlayer, int handPos, struct gameState *state) {
        -:   10:	//+3 Cards
        -:   11:	int i;
    #####:   12:	for (i = 0; i < 3; i++)
branch  0 never executed
branch  1 never executed
        -:   13:	{
    #####:   14:		drawCard(currentPlayer, state);
call    0 never executed
        -:   15:	}
        -:   16:
        -:   17:	//discard card from hand
    #####:   18:	discardCard(handPos, currentPlayer, state, 1);
call    0 never executed
    #####:   19:	return 0;
        -:   20:}
        -:   21:
        -:   22:
function adventurerfunction called 10000 returned 100% blocks executed 100%
    10000:   23:int adventurerfunction(int drawntreasure, int currentPlayer, int z, struct gameState *state) {
        -:   24:	int cardDrawn;
        -:   25:	int temphand[MAX_HAND];
        -:   26:
  1049582:   27:	while (drawntreasure<2) {
branch  0 taken 99%
branch  1 taken 1% (fallthrough)
  1029582:   28:		if (state->deckCount[currentPlayer] <1) {//if the deck is empty we need to shuffle discard and add to deck
branch  0 taken 1% (fallthrough)
branch  1 taken 99%
       53:   29:			shuffle(currentPlayer, state);
call    0 returned 100%
        -:   30:		}
  1029582:   31:		drawCard(currentPlayer, state);
call    0 returned 100%
  1029582:   32:		cardDrawn = state->hand[currentPlayer][state->handCount[currentPlayer] - 1];//top card of hand is most recently drawn card.
  1029582:   33:		if (cardDrawn == copper || cardDrawn == silver || cardDrawn == gold)
branch  0 taken 98% (fallthrough)
branch  1 taken 2%
branch  2 taken 100% (fallthrough)
branch  3 taken 0%
branch  4 taken 0% (fallthrough)
branch  5 taken 100%
    20000:   34:			drawntreasure++;
        -:   35:		else {
  1009582:   36:			temphand[z] = cardDrawn;
  1009582:   37:			state->handCount[currentPlayer]--; //this should just remove the top card (the most recently drawn one).
  1009582:   38:			z++;
        -:   39:		}
        -:   40:	}
  1029582:   41:	while (z - 1 >= 0) {
branch  0 taken 99%
branch  1 taken 1% (fallthrough)
  1009582:   42:		state->discard[currentPlayer][state->discardCount[currentPlayer]++] = temphand[z - 1]; // discard all cards in play that have been drawn
  1009582:   43:		z = z - 1;
        -:   44:	}
    10000:   45:	return 0;
        -:   46:
        -:   47:}
        -:   48:
function gardensfunction called 0 returned 0% blocks executed 0%
    #####:   49:int gardensfunction() {
        -:   50:
    #####:   51:	return -1;
        -:   52:}
        -:   53:
function sea_hagfunction called 0 returned 0% blocks executed 0%
    #####:   54:int sea_hagfunction(int currentPlayer, struct gameState *state) {
        -:   55:
        -:   56:	int i;
    #####:   57:	for (i = 0; i < state->numPlayers; i++) {
branch  0 never executed
branch  1 never executed
    #####:   58:		if (i == currentPlayer) {
branch  0 never executed
branch  1 never executed
    #####:   59:			state->discard[i][state->discardCount[i]] = state->deck[i][state->deckCount[i]--];			    
    #####:   60:			state->deckCount[i]--;
    #####:   61:			state->discardCount[i]++;
    #####:   62:			state->deck[i][state->deckCount[i]--] = curse;//Top card now a curse
        -:   63:		}
        -:   64:	}
    #####:   65:	return 0;
        -:   66:}
        -:   67:
function treasure_mapfunction called 0 returned 0% blocks executed 0%
    #####:   68:int treasure_mapfunction(int handPos, int currentPlayer, struct gameState *state) {
        -:   69:	//search hand for another treasure_map
    #####:   70:	int index = -1;
        -:   71:	int i;
    #####:   72:	for (i = 0; i < state->handCount[currentPlayer]; i++)
branch  0 never executed
branch  1 never executed
        -:   73:	{
    #####:   74:		if (state->hand[currentPlayer][i] == treasure_map && i != index)
branch  0 never executed
branch  1 never executed
branch  2 never executed
branch  3 never executed
        -:   75:		{
    #####:   76:			index = i;
    #####:   77:			break;
        -:   78:		}
        -:   79:	}
    #####:   80:	if (index > -1)
branch  0 never executed
branch  1 never executed
        -:   81:	{
        -:   82:		//trash both treasure cards
    #####:   83:		discardCard(handPos, currentPlayer, state, 1);
call    0 never executed
    #####:   84:		discardCard(index, currentPlayer, state, 1);
call    0 never executed
        -:   85:
        -:   86:		//gain 4 Gold cards
    #####:   87:		for (i = 0; i < 4; i++)
branch  0 never executed
branch  1 never executed
        -:   88:		{
    #####:   89:			gainCard(gold, state, 1, currentPlayer);
call    0 never executed
        -:   90:		}
        -:   91:
        -:   92:		//return success
    #####:   93:		return 1;
        -:   94:	}
        -:   95:
        -:   96:	//no second treasure_map found in hand
    #####:   97:	return -1;
        -:   98:
        -:   99:}
        -:  100:
        -:  101:
function compare called 411799 returned 100% blocks executed 100%
   411799:  102:int compare(const void* a, const void* b) {
   411799:  103:  if (*(int*)a > *(int*)b)
branch  0 taken 3% (fallthrough)
branch  1 taken 97%
    13549:  104:    return 1;
   398250:  105:  if (*(int*)a < *(int*)b)
branch  0 taken 25% (fallthrough)
branch  1 taken 75%
   100219:  106:    return -1;
   298031:  107:  return 0;
        -:  108:}
        -:  109:
function newGame called 0 returned 0% blocks executed 0%
    #####:  110:struct gameState* newGame() {
    #####:  111:  struct gameState* g = malloc(sizeof(struct gameState));
    #####:  112:  return g;
        -:  113:}
        -:  114:
function kingdomCards called 0 returned 0% blocks executed 0%
    #####:  115:int* kingdomCards(int k1, int k2, int k3, int k4, int k5, int k6, int k7,
        -:  116:		  int k8, int k9, int k10) {
    #####:  117:  int* k = malloc(10 * sizeof(int));
    #####:  118:  k[0] = k1;
    #####:  119:  k[1] = k2;
    #####:  120:  k[2] = k3;
    #####:  121:  k[3] = k4;
    #####:  122:  k[4] = k5;
    #####:  123:  k[5] = k6;
    #####:  124:  k[6] = k7;
    #####:  125:  k[7] = k8;
    #####:  126:  k[8] = k9;
    #####:  127:  k[9] = k10;
    #####:  128:  return k;
        -:  129:}
        -:  130:
function initializeGame called 10000 returned 100% blocks executed 94%
    10000:  131:int initializeGame(int numPlayers, int kingdomCards[10], int randomSeed,
        -:  132:		   struct gameState *state) {
        -:  133:
        -:  134:  int i;
        -:  135:  int j;
        -:  136:  int it;			
        -:  137:  //set up random number generator
    10000:  138:  SelectStream(1);
call    0 returned 100%
    10000:  139:  PutSeed((long)randomSeed);
call    0 returned 100%
        -:  140:  
        -:  141:  //check number of players
    10000:  142:  if (numPlayers > MAX_PLAYERS || numPlayers < 2)
branch  0 taken 100% (fallthrough)
branch  1 taken 0%
branch  2 taken 0% (fallthrough)
branch  3 taken 100%
        -:  143:    {
    #####:  144:      return -1;
        -:  145:    }
        -:  146:
        -:  147:  //set number of players
    10000:  148:  state->numPlayers = numPlayers;
        -:  149:
        -:  150:  //check selected kingdom cards are different
   110000:  151:  for (i = 0; i < 10; i++)
branch  0 taken 91%
branch  1 taken 9% (fallthrough)
        -:  152:    {
  1100000:  153:      for (j = 0; j < 10; j++)
branch  0 taken 91%
branch  1 taken 9% (fallthrough)
        -:  154:        {
  1000000:  155:	  if (j != i && kingdomCards[j] == kingdomCards[i])
branch  0 taken 90% (fallthrough)
branch  1 taken 10%
branch  2 taken 0% (fallthrough)
branch  3 taken 100%
        -:  156:	    {
    #####:  157:	      return -1;
        -:  158:	    }
        -:  159:        }
        -:  160:    }
        -:  161:
        -:  162:
        -:  163:  //initialize supply
        -:  164:  ///////////////////////////////
        -:  165:
        -:  166:  //set number of Curse cards
    10000:  167:  if (numPlayers == 2)
branch  0 taken 50% (fallthrough)
branch  1 taken 50%
        -:  168:    {
     5014:  169:      state->supplyCount[curse] = 10;
        -:  170:    }
     4986:  171:  else if (numPlayers == 3)
branch  0 taken 100% (fallthrough)
branch  1 taken 0%
        -:  172:    {
     4986:  173:      state->supplyCount[curse] = 20;
        -:  174:    }
        -:  175:  else
        -:  176:    {
    #####:  177:      state->supplyCount[curse] = 30;
        -:  178:    }
        -:  179:
        -:  180:  //set number of Victory cards
    10000:  181:  if (numPlayers == 2)
branch  0 taken 50% (fallthrough)
branch  1 taken 50%
        -:  182:    {
     5014:  183:      state->supplyCount[estate] = 8;
     5014:  184:      state->supplyCount[duchy] = 8;
     5014:  185:      state->supplyCount[province] = 8;
        -:  186:    }
        -:  187:  else
        -:  188:    {
     4986:  189:      state->supplyCount[estate] = 12;
     4986:  190:      state->supplyCount[duchy] = 12;
     4986:  191:      state->supplyCount[province] = 12;
        -:  192:    }
        -:  193:
        -:  194:  //set number of Treasure cards
    10000:  195:  state->supplyCount[copper] = 60 - (7 * numPlayers);
    10000:  196:  state->supplyCount[silver] = 40;
    10000:  197:  state->supplyCount[gold] = 30;
        -:  198:
        -:  199:  //set number of Kingdom cards
   210000:  200:  for (i = adventurer; i <= treasure_map; i++)       	//loop all cards
branch  0 taken 95%
branch  1 taken 5% (fallthrough)
        -:  201:    {
  2100000:  202:      for (j = 0; j < 10; j++)           		//loop chosen cards
branch  0 taken 92%
branch  1 taken 8% (fallthrough)
        -:  203:	{
  1940000:  204:	  if (kingdomCards[j] == i)
branch  0 taken 2% (fallthrough)
branch  1 taken 98%
        -:  205:	    {
        -:  206:	      //check if card is a 'Victory' Kingdom card
    40000:  207:	      if (kingdomCards[j] == great_hall || kingdomCards[j] == gardens)
branch  0 taken 100% (fallthrough)
branch  1 taken 0%
branch  2 taken 25% (fallthrough)
branch  3 taken 75%
        -:  208:		{
    20000:  209:		  if (numPlayers == 2){ 
branch  0 taken 50% (fallthrough)
branch  1 taken 50%
     5014:  210:		    state->supplyCount[i] = 8; 
        -:  211:		  }
     4986:  212:		  else{ state->supplyCount[i] = 12; }
        -:  213:		}
        -:  214:	      else
        -:  215:		{
    30000:  216:		  state->supplyCount[i] = 10;
        -:  217:		}
    40000:  218:	      break;
        -:  219:	    }
        -:  220:	  else    //card is not in the set choosen for the game
        -:  221:	    {
  1900000:  222:	      state->supplyCount[i] = -1;
        -:  223:	    }
        -:  224:	}
        -:  225:
        -:  226:    }
        -:  227:
        -:  228:  ////////////////////////
        -:  229:  //supply intilization complete
        -:  230:
        -:  231:  //set player decks
    34986:  232:  for (i = 0; i < numPlayers; i++)
branch  0 taken 71%
branch  1 taken 29% (fallthrough)
        -:  233:    {
    24986:  234:      state->deckCount[i] = 0;
    99944:  235:      for (j = 0; j < 3; j++)
branch  0 taken 75%
branch  1 taken 25% (fallthrough)
        -:  236:	{
    74958:  237:	  state->deck[i][j] = estate;
    74958:  238:	  state->deckCount[i]++;
        -:  239:	}
   199888:  240:      for (j = 3; j < 10; j++)
branch  0 taken 88%
branch  1 taken 13% (fallthrough)
        -:  241:	{
   174902:  242:	  state->deck[i][j] = copper;
   174902:  243:	  state->deckCount[i]++;		
        -:  244:	}
        -:  245:    }
        -:  246:
        -:  247:  //shuffle player decks
    34986:  248:  for (i = 0; i < numPlayers; i++)
branch  0 taken 71%
branch  1 taken 29% (fallthrough)
        -:  249:    {
    24986:  250:      if ( shuffle(i, state) < 0 )
call    0 returned 100%
branch  1 taken 0% (fallthrough)
branch  2 taken 100%
        -:  251:	{
    #####:  252:	  return -1;
        -:  253:	}
        -:  254:    }
        -:  255:
        -:  256:  //draw player hands
    34986:  257:  for (i = 0; i < numPlayers; i++)
branch  0 taken 71%
branch  1 taken 29% (fallthrough)
        -:  258:    {  
        -:  259:      //initialize hand size to zero
    24986:  260:      state->handCount[i] = 0;
    24986:  261:      state->discardCount[i] = 0;
        -:  262:      //draw 5 cards
        -:  263:      // for (j = 0; j < 5; j++)
        -:  264:      //	{
        -:  265:      //	  drawCard(i, state);
        -:  266:      //	}
        -:  267:    }
        -:  268:  
        -:  269:  //set embargo tokens to 0 for all supply piles
   280000:  270:  for (i = 0; i <= treasure_map; i++)
branch  0 taken 96%
branch  1 taken 4% (fallthrough)
        -:  271:    {
   270000:  272:      state->embargoTokens[i] = 0;
        -:  273:    }
        -:  274:
        -:  275:  //initialize first player's turn
    10000:  276:  state->outpostPlayed = 0;
    10000:  277:  state->phase = 0;
    10000:  278:  state->numActions = 1;
    10000:  279:  state->numBuys = 1;
    10000:  280:  state->playedCardCount = 0;
    10000:  281:  state->whoseTurn = 0;
    10000:  282:  state->handCount[state->whoseTurn] = 0;
        -:  283:  //int it; move to top
        -:  284:
        -:  285:  //Moved draw cards to here, only drawing at the start of a turn
    60000:  286:  for (it = 0; it < 5; it++){
branch  0 taken 83%
branch  1 taken 17% (fallthrough)
    50000:  287:    drawCard(state->whoseTurn, state);
call    0 returned 100%
        -:  288:  }
        -:  289:
    10000:  290:  updateCoins(state->whoseTurn, state, 0);
call    0 returned 100%
        -:  291:
    10000:  292:  return 0;
        -:  293:}
        -:  294:
function shuffle called 25092 returned 100% blocks executed 100%
    25092:  295:int shuffle(int player, struct gameState *state) {
        -:  296: 
        -:  297:
        -:  298:  int newDeck[MAX_DECK];
    25092:  299:  int newDeckPos = 0;
        -:  300:  int card;
        -:  301:  int i;
        -:  302:
    25092:  303:  if (state->deckCount[player] < 1)
branch  0 taken 1% (fallthrough)
branch  1 taken 99%
       85:  304:    return -1;
    25007:  305:  qsort ((void*)(state->deck[player]), state->deckCount[player], sizeof(int), compare); 
call    0 returned 100%
        -:  306:  /* SORT CARDS IN DECK TO ENSURE DETERMINISM! */
        -:  307:
   305855:  308:  while (state->deckCount[player] > 0) {
branch  0 taken 91%
branch  1 taken 9% (fallthrough)
   255841:  309:    card = floor(Random() * state->deckCount[player]);
call    0 returned 100%
   255841:  310:    newDeck[newDeckPos] = state->deck[player][card];
   255841:  311:    newDeckPos++;
  1362740:  312:    for (i = card; i < state->deckCount[player]-1; i++) {
branch  0 taken 81%
branch  1 taken 19% (fallthrough)
  1106899:  313:      state->deck[player][i] = state->deck[player][i+1];
        -:  314:    }
   255841:  315:    state->deckCount[player]--;
        -:  316:  }
   280848:  317:  for (i = 0; i < newDeckPos; i++) {
branch  0 taken 91%
branch  1 taken 9% (fallthrough)
   255841:  318:    state->deck[player][i] = newDeck[i];
   255841:  319:    state->deckCount[player]++;
        -:  320:  }
        -:  321:
    25007:  322:  return 0;
        -:  323:}
        -:  324:
function playCard called 0 returned 0% blocks executed 0%
    #####:  325:int playCard(int handPos, int choice1, int choice2, int choice3, struct gameState *state) 
        -:  326:{	
        -:  327:  int card;
    #####:  328:  int coin_bonus = 0; 		//tracks coins gain from actions
        -:  329:
        -:  330:  //check if it is the right phase
    #####:  331:  if (state->phase != 0)
branch  0 never executed
branch  1 never executed
        -:  332:    {
    #####:  333:      return -1;
        -:  334:    }
        -:  335:	
        -:  336:  //check if player has enough actions
    #####:  337:  if ( state->numActions < 1 )
branch  0 never executed
branch  1 never executed
        -:  338:    {
    #####:  339:      return -1;
        -:  340:    }
        -:  341:	
        -:  342:  //get card played
    #####:  343:  card = handCard(handPos, state);
call    0 never executed
        -:  344:	
        -:  345:  //check if selected card is an action
    #####:  346:  if ( card < adventurer || card > treasure_map )
branch  0 never executed
branch  1 never executed
branch  2 never executed
branch  3 never executed
        -:  347:    {
    #####:  348:      return -1;
        -:  349:    }
        -:  350:	
        -:  351:  //play card
    #####:  352:  if ( cardEffect(card, choice1, choice2, choice3, state, handPos, &coin_bonus) < 0 )
call    0 never executed
branch  1 never executed
branch  2 never executed
        -:  353:    {
    #####:  354:      return -1;
        -:  355:    }
        -:  356:	
        -:  357:  //reduce number of actions
    #####:  358:  state->numActions--;
        -:  359:
        -:  360:  //update coins (Treasure cards may be added with card draws)
    #####:  361:  updateCoins(state->whoseTurn, state, coin_bonus);
call    0 never executed
        -:  362:	
    #####:  363:  return 0;
        -:  364:}
        -:  365:
function buyCard called 0 returned 0% blocks executed 0%
    #####:  366:int buyCard(int supplyPos, struct gameState *state) {
        -:  367:  int who;
        -:  368:  if (DEBUG){
        -:  369:    printf("Entering buyCard...\n");
        -:  370:  }
        -:  371:
        -:  372:  // I don't know what to do about the phase thing.
        -:  373:
    #####:  374:  who = state->whoseTurn;
        -:  375:
    #####:  376:  if (state->numBuys < 1){
branch  0 never executed
branch  1 never executed
        -:  377:    if (DEBUG)
        -:  378:      printf("You do not have any buys left\n");
    #####:  379:    return -1;
    #####:  380:  } else if (supplyCount(supplyPos, state) <1){
call    0 never executed
branch  1 never executed
branch  2 never executed
        -:  381:    if (DEBUG)
        -:  382:      printf("There are not any of that type of card left\n");
    #####:  383:    return -1;
    #####:  384:  } else if (state->coins < getCost(supplyPos)){
call    0 never executed
branch  1 never executed
branch  2 never executed
        -:  385:    if (DEBUG) 
        -:  386:      printf("You do not have enough money to buy that. You have %d coins.\n", state->coins);
    #####:  387:    return -1;
        -:  388:  } else {
    #####:  389:    state->phase=1;
        -:  390:    //state->supplyCount[supplyPos]--;
    #####:  391:    gainCard(supplyPos, state, 0, who); //card goes in discard, this might be wrong.. (2 means goes into hand, 0 goes into discard)
call    0 never executed
        -:  392:  
    #####:  393:    state->coins = (state->coins) - (getCost(supplyPos));
call    0 never executed
    #####:  394:    state->numBuys--;
        -:  395:    if (DEBUG)
        -:  396:      printf("You bought card number %d for %d coins. You now have %d buys and %d coins.\n", supplyPos, getCost(supplyPos), state->numBuys, state->coins);
        -:  397:  }
        -:  398:
        -:  399:  //state->discard[who][state->discardCount[who]] = supplyPos;
        -:  400:  //state->discardCount[who]++;
        -:  401:    
    #####:  402:  return 0;
        -:  403:}
        -:  404:
function numHandCards called 20000 returned 100% blocks executed 100%
    20000:  405:int numHandCards(struct gameState *state) {
    20000:  406:  return state->handCount[ whoseTurn(state) ];
call    0 returned 100%
        -:  407:}
        -:  408:
function handCard called 0 returned 0% blocks executed 0%
    #####:  409:int handCard(int handPos, struct gameState *state) {
    #####:  410:  int currentPlayer = whoseTurn(state);
call    0 never executed
    #####:  411:  return state->hand[currentPlayer][handPos];
        -:  412:}
        -:  413:
function supplyCount called 0 returned 0% blocks executed 0%
    #####:  414:int supplyCount(int card, struct gameState *state) {
    #####:  415:  return state->supplyCount[card];
        -:  416:}
        -:  417:
function fullDeckCount called 0 returned 0% blocks executed 0%
    #####:  418:int fullDeckCount(int player, int card, struct gameState *state) {
        -:  419:  int i;
    #####:  420:  int count = 0;
        -:  421:
    #####:  422:  for (i = 0; i < state->deckCount[player]; i++)
branch  0 never executed
branch  1 never executed
        -:  423:    {
    #####:  424:      if (state->deck[player][i] == card) count++;
branch  0 never executed
branch  1 never executed
        -:  425:    }
        -:  426:
    #####:  427:  for (i = 0; i < state->handCount[player]; i++)
branch  0 never executed
branch  1 never executed
        -:  428:    {
    #####:  429:      if (state->hand[player][i] == card) count++;
branch  0 never executed
branch  1 never executed
        -:  430:    }
        -:  431:
    #####:  432:  for (i = 0; i < state->discardCount[player]; i++)
branch  0 never executed
branch  1 never executed
        -:  433:    {
    #####:  434:      if (state->discard[player][i] == card) count++;
branch  0 never executed
branch  1 never executed
        -:  435:    }
        -:  436:
    #####:  437:  return count;
        -:  438:}
        -:  439:
function whoseTurn called 30000 returned 100% blocks executed 100%
    30000:  440:int whoseTurn(struct gameState *state) {
    30000:  441:  return state->whoseTurn;
        -:  442:}
        -:  443:
function endTurn called 0 returned 0% blocks executed 0%
    #####:  444:int endTurn(struct gameState *state) {
        -:  445:  int k;
        -:  446:  int i;
    #####:  447:  int currentPlayer = whoseTurn(state);
call    0 never executed
        -:  448:  
        -:  449:  //Discard hand
    #####:  450:  for (i = 0; i < state->handCount[currentPlayer]; i++){
branch  0 never executed
branch  1 never executed
    #####:  451:    state->discard[currentPlayer][state->discardCount[currentPlayer]++] = state->hand[currentPlayer][i];//Discard
    #####:  452:    state->hand[currentPlayer][i] = -1;//Set card to -1
        -:  453:  }
    #####:  454:  state->handCount[currentPlayer] = 0;//Reset hand count
        -:  455:    
        -:  456:  //Code for determining the player
    #####:  457:  if (currentPlayer < (state->numPlayers - 1)){ 
branch  0 never executed
branch  1 never executed
    #####:  458:    state->whoseTurn = currentPlayer + 1;//Still safe to increment
        -:  459:  }
        -:  460:  else{
    #####:  461:    state->whoseTurn = 0;//Max player has been reached, loop back around to player 1
        -:  462:  }
        -:  463:
    #####:  464:  state->outpostPlayed = 0;
    #####:  465:  state->phase = 0;
    #####:  466:  state->numActions = 1;
    #####:  467:  state->coins = 0;
    #####:  468:  state->numBuys = 1;
    #####:  469:  state->playedCardCount = 0;
    #####:  470:  state->handCount[state->whoseTurn] = 0;
        -:  471:
        -:  472:  //int k; move to top
        -:  473:  //Next player draws hand
    #####:  474:  for (k = 0; k < 5; k++){
branch  0 never executed
branch  1 never executed
    #####:  475:    drawCard(state->whoseTurn, state);//Draw a card
call    0 never executed
        -:  476:  }
        -:  477:
        -:  478:  //Update money
    #####:  479:  updateCoins(state->whoseTurn, state , 0);
call    0 never executed
        -:  480:
    #####:  481:  return 0;
        -:  482:}
        -:  483:
function isGameOver called 0 returned 0% blocks executed 0%
    #####:  484:int isGameOver(struct gameState *state) {
        -:  485:  int i;
        -:  486:  int j;
        -:  487:	
        -:  488:  //if stack of Province cards is empty, the game ends
    #####:  489:  if (state->supplyCount[province] == 0)
branch  0 never executed
branch  1 never executed
        -:  490:    {
    #####:  491:      return 1;
        -:  492:    }
        -:  493:
        -:  494:  //if three supply pile are at 0, the game ends
    #####:  495:  j = 0;
    #####:  496:  for (i = 0; i < 25; i++)
branch  0 never executed
branch  1 never executed
        -:  497:    {
    #####:  498:      if (state->supplyCount[i] == 0)
branch  0 never executed
branch  1 never executed
        -:  499:	{
    #####:  500:	  j++;
        -:  501:	}
        -:  502:    }
    #####:  503:  if ( j >= 3)
branch  0 never executed
branch  1 never executed
        -:  504:    {
    #####:  505:      return 1;
        -:  506:    }
        -:  507:
    #####:  508:  return 0;
        -:  509:}
        -:  510:
function scoreFor called 0 returned 0% blocks executed 0%
    #####:  511:int scoreFor (int player, struct gameState *state) {
        -:  512:
        -:  513:  int i;
    #####:  514:  int score = 0;
        -:  515:  //score from hand
    #####:  516:  for (i = 0; i < state->handCount[player]; i++)
branch  0 never executed
branch  1 never executed
        -:  517:    {
    #####:  518:      if (state->hand[player][i] == curse) { score = score - 1; };
branch  0 never executed
branch  1 never executed
    #####:  519:      if (state->hand[player][i] == estate) { score = score + 1; };
branch  0 never executed
branch  1 never executed
    #####:  520:      if (state->hand[player][i] == duchy) { score = score + 3; };
branch  0 never executed
branch  1 never executed
    #####:  521:      if (state->hand[player][i] == province) { score = score + 6; };
branch  0 never executed
branch  1 never executed
    #####:  522:      if (state->hand[player][i] == great_hall) { score = score + 1; };
branch  0 never executed
branch  1 never executed
    #####:  523:      if (state->hand[player][i] == gardens) { score = score + ( fullDeckCount(player, 0, state) / 10 ); };
branch  0 never executed
branch  1 never executed
call    2 never executed
        -:  524:    }
        -:  525:
        -:  526:  //score from discard
    #####:  527:  for (i = 0; i < state->discardCount[player]; i++)
branch  0 never executed
branch  1 never executed
        -:  528:    {
    #####:  529:      if (state->discard[player][i] == curse) { score = score - 1; };
branch  0 never executed
branch  1 never executed
    #####:  530:      if (state->discard[player][i] == estate) { score = score + 1; };
branch  0 never executed
branch  1 never executed
    #####:  531:      if (state->discard[player][i] == duchy) { score = score + 3; };
branch  0 never executed
branch  1 never executed
    #####:  532:      if (state->discard[player][i] == province) { score = score + 6; };
branch  0 never executed
branch  1 never executed
    #####:  533:      if (state->discard[player][i] == great_hall) { score = score + 1; };
branch  0 never executed
branch  1 never executed
    #####:  534:      if (state->discard[player][i] == gardens) { score = score + ( fullDeckCount(player, 0, state) / 10 ); };
branch  0 never executed
branch  1 never executed
call    2 never executed
        -:  535:    }
        -:  536:
        -:  537:  //score from deck
    #####:  538:  for (i = 0; i < state->discardCount[player]; i++)
branch  0 never executed
branch  1 never executed
        -:  539:    {
    #####:  540:      if (state->deck[player][i] == curse) { score = score - 1; };
branch  0 never executed
branch  1 never executed
    #####:  541:      if (state->deck[player][i] == estate) { score = score + 1; };
branch  0 never executed
branch  1 never executed
    #####:  542:      if (state->deck[player][i] == duchy) { score = score + 3; };
branch  0 never executed
branch  1 never executed
    #####:  543:      if (state->deck[player][i] == province) { score = score + 6; };
branch  0 never executed
branch  1 never executed
    #####:  544:      if (state->deck[player][i] == great_hall) { score = score + 1; };
branch  0 never executed
branch  1 never executed
    #####:  545:      if (state->deck[player][i] == gardens) { score = score + ( fullDeckCount(player, 0, state) / 10 ); };
branch  0 never executed
branch  1 never executed
call    2 never executed
        -:  546:    }
        -:  547:
    #####:  548:  return score;
        -:  549:}
        -:  550:
function getWinners called 0 returned 0% blocks executed 0%
    #####:  551:int getWinners(int players[MAX_PLAYERS], struct gameState *state) {
        -:  552:  int i;	
        -:  553:  int j;
        -:  554:  int highScore;
        -:  555:  int currentPlayer;
        -:  556:
        -:  557:  //get score for each player
    #####:  558:  for (i = 0; i < MAX_PLAYERS; i++)
branch  0 never executed
branch  1 never executed
        -:  559:    {
        -:  560:      //set unused player scores to -9999
    #####:  561:      if (i >= state->numPlayers)
branch  0 never executed
branch  1 never executed
        -:  562:	{
    #####:  563:	  players[i] = -9999;
        -:  564:	}
        -:  565:      else
        -:  566:	{
    #####:  567:	  players[i] = scoreFor (i, state);
call    0 never executed
        -:  568:	}
        -:  569:    }
        -:  570:
        -:  571:  //find highest score
    #####:  572:  j = 0;
    #####:  573:  for (i = 0; i < MAX_PLAYERS; i++)
branch  0 never executed
branch  1 never executed
        -:  574:    {
    #####:  575:      if (players[i] > players[j])
branch  0 never executed
branch  1 never executed
        -:  576:	{
    #####:  577:	  j = i;
        -:  578:	}
        -:  579:    }
    #####:  580:  highScore = players[j];
        -:  581:
        -:  582:  //add 1 to players who had less turns
    #####:  583:  currentPlayer = whoseTurn(state);
call    0 never executed
    #####:  584:  for (i = 0; i < MAX_PLAYERS; i++)
branch  0 never executed
branch  1 never executed
        -:  585:    {
    #####:  586:      if ( players[i] == highScore && i > currentPlayer )
branch  0 never executed
branch  1 never executed
branch  2 never executed
branch  3 never executed
        -:  587:	{
    #####:  588:	  players[i]++;
        -:  589:	}
        -:  590:    }
        -:  591:
        -:  592:  //find new highest score
    #####:  593:  j = 0;
    #####:  594:  for (i = 0; i < MAX_PLAYERS; i++)
branch  0 never executed
branch  1 never executed
        -:  595:    {
    #####:  596:      if ( players[i] > players[j] )
branch  0 never executed
branch  1 never executed
        -:  597:	{
    #####:  598:	  j = i;
        -:  599:	}
        -:  600:    }
    #####:  601:  highScore = players[j];
        -:  602:
        -:  603:  //set winners in array to 1 and rest to 0
    #####:  604:  for (i = 0; i < MAX_PLAYERS; i++)
branch  0 never executed
branch  1 never executed
        -:  605:    {
    #####:  606:      if ( players[i] == highScore )
branch  0 never executed
branch  1 never executed
        -:  607:	{
    #####:  608:	  players[i] = 1;
        -:  609:	}
        -:  610:      else
        -:  611:	{
    #####:  612:	  players[i] = 0;
        -:  613:	}
        -:  614:    }
        -:  615:
    #####:  616:  return 0;
        -:  617:}
        -:  618:
function drawCard called 1079582 returned 100% blocks executed 100%
  1079582:  619:int drawCard(int player, struct gameState *state)
        -:  620:{	int count;
        -:  621:  int deckCounter;
  1079582:  622:  if (state->deckCount[player] <= 0){//Deck is empty
branch  0 taken 1% (fallthrough)
branch  1 taken 99%
        -:  623:    
        -:  624:    //Step 1 Shuffle the discard pile back into a deck
        -:  625:    int i;
        -:  626:    //Move discard to deck
     6034:  627:    for (i = 0; i < state->discardCount[player];i++){
branch  0 taken 99%
branch  1 taken 1% (fallthrough)
     5981:  628:      state->deck[player][i] = state->discard[player][i];
     5981:  629:      state->discard[player][i] = -1;
        -:  630:    }
        -:  631:
       53:  632:    state->deckCount[player] = state->discardCount[player];
       53:  633:    state->discardCount[player] = 0;//Reset discard
        -:  634:
        -:  635:    //Shufffle the deck
       53:  636:    shuffle(player, state);//Shuffle the deck up and make it so that we can draw
call    0 returned 100%
        -:  637:   
        -:  638:    if (DEBUG){//Debug statements
        -:  639:      printf("Deck count now: %d\n", state->deckCount[player]);
        -:  640:    }
        -:  641:    
       53:  642:    state->discardCount[player] = 0;
        -:  643:
        -:  644:    //Step 2 Draw Card
       53:  645:    count = state->handCount[player];//Get current player's hand count
        -:  646:    
        -:  647:    if (DEBUG){//Debug statements
        -:  648:      printf("Current hand count: %d\n", count);
        -:  649:    }
        -:  650:    
       53:  651:    deckCounter = state->deckCount[player];//Create a holder for the deck count
        -:  652:
       53:  653:    if (deckCounter == 0)
branch  0 taken 60% (fallthrough)
branch  1 taken 40%
       32:  654:      return -1;
        -:  655:
       21:  656:    state->hand[player][count] = state->deck[player][deckCounter - 1];//Add card to hand
       21:  657:    state->deckCount[player]--;
       21:  658:    state->handCount[player]++;//Increment hand count
        -:  659:  }
        -:  660:
        -:  661:  else{
  1079529:  662:    int count = state->handCount[player];//Get current hand count for player
        -:  663:    int deckCounter;
        -:  664:    if (DEBUG){//Debug statements
        -:  665:      printf("Current hand count: %d\n", count);
        -:  666:    }
        -:  667:
  1079529:  668:    deckCounter = state->deckCount[player];//Create holder for the deck count
  1079529:  669:    state->hand[player][count] = state->deck[player][deckCounter - 1];//Add card to the hand
  1079529:  670:    state->deckCount[player]--;
  1079529:  671:    state->handCount[player]++;//Increment hand count
        -:  672:  }
        -:  673:
  1079550:  674:  return 0;
        -:  675:}
        -:  676:
function getCost called 0 returned 0% blocks executed 0%
    #####:  677:int getCost(int cardNumber)
        -:  678:{
    #####:  679:  switch( cardNumber ) 
branch  0 never executed
branch  1 never executed
branch  2 never executed
branch  3 never executed
branch  4 never executed
branch  5 never executed
branch  6 never executed
branch  7 never executed
branch  8 never executed
branch  9 never executed
branch 10 never executed
branch 11 never executed
branch 12 never executed
branch 13 never executed
branch 14 never executed
branch 15 never executed
branch 16 never executed
branch 17 never executed
branch 18 never executed
branch 19 never executed
branch 20 never executed
branch 21 never executed
branch 22 never executed
branch 23 never executed
branch 24 never executed
branch 25 never executed
branch 26 never executed
branch 27 never executed
        -:  680:    {
        -:  681:    case curse:
    #####:  682:      return 0;
        -:  683:    case estate:
    #####:  684:      return 2;
        -:  685:    case duchy:
    #####:  686:      return 5;
        -:  687:    case province:
    #####:  688:      return 8;
        -:  689:    case copper:
    #####:  690:      return 0;
        -:  691:    case silver:
    #####:  692:      return 3;
        -:  693:    case gold:
    #####:  694:      return 6;
        -:  695:    case adventurer:
    #####:  696:      return 6;
        -:  697:    case council_room:
    #####:  698:      return 5;
        -:  699:    case feast:
    #####:  700:      return 4;
        -:  701:    case gardens:
    #####:  702:      return 4;
        -:  703:    case mine:
    #####:  704:      return 5;
        -:  705:    case remodel:
    #####:  706:      return 4;
        -:  707:    case smithy:
    #####:  708:      return 4;
        -:  709:    case village:
    #####:  710:      return 3;
        -:  711:    case baron:
    #####:  712:      return 4;
        -:  713:    case great_hall:
    #####:  714:      return 3;
        -:  715:    case minion:
    #####:  716:      return 5;
        -:  717:    case steward:
    #####:  718:      return 3;
        -:  719:    case tribute:
    #####:  720:      return 5;
        -:  721:    case ambassador:
    #####:  722:      return 3;
        -:  723:    case cutpurse:
    #####:  724:      return 4;
        -:  725:    case embargo: 
    #####:  726:      return 2;
        -:  727:    case outpost:
    #####:  728:      return 5;
        -:  729:    case salvager:
    #####:  730:      return 4;
        -:  731:    case sea_hag:
    #####:  732:      return 4;
        -:  733:    case treasure_map:
    #####:  734:      return 4;
        -:  735:    }
        -:  736:	
    #####:  737:  return -1;
        -:  738:}
        -:  739:
function cardEffect called 10000 returned 100% blocks executed 3%
    10000:  740:int cardEffect(int card, int choice1, int choice2, int choice3, struct gameState *state, int handPos, int *bonus)
        -:  741:{
        -:  742:  int i;
        -:  743:  int j;
        -:  744:  int k;
        -:  745:  int x;
        -:  746:  int index;
    10000:  747:  int currentPlayer = whoseTurn(state);
call    0 returned 100%
    10000:  748:  int nextPlayer = currentPlayer + 1;
        -:  749:
    10000:  750:  int tributeRevealedCards[2] = {-1, -1};
        -:  751:  int temphand[MAX_HAND];// moved above the if statement
    10000:  752:  int drawntreasure=0;
        -:  753:  int cardDrawn;
    10000:  754:  int z = 0;// this is the counter for the temp hand
    10000:  755:  if (nextPlayer > (state->numPlayers - 1)){
branch  0 taken 0% (fallthrough)
branch  1 taken 100%
    #####:  756:    nextPlayer = 0;
        -:  757:  }
        -:  758:  
    10000:  759:  if (card == adventurer)
branch  0 taken 100% (fallthrough)
branch  1 taken 0%
    10000:  760:	  return adventurerfunction(drawntreasure, currentPlayer, z, state);
call    0 returned 100%
    #####:  761:  else if (card == smithy)
branch  0 never executed
branch  1 never executed
    #####:  762:	  return smithyfunction(currentPlayer, handPos, state);
call    0 never executed
    #####:  763:  else if (card == gardens)
branch  0 never executed
branch  1 never executed
    #####:  764:	  return gardensfunction();
call    0 never executed
    #####:  765:  else if (card == sea_hag)
branch  0 never executed
branch  1 never executed
    #####:  766:	  return sea_hagfunction(currentPlayer, state);
call    0 never executed
    #####:  767:  else if (card == treasure_map)
branch  0 never executed
branch  1 never executed
    #####:  768:	  return treasure_mapfunction(handPos, currentPlayer, state);
call    0 never executed
        -:  769:
        -:  770:	
        -:  771:  //uses switch to select card and perform actions
    #####:  772:  switch( card ) 
branch  0 never executed
branch  1 never executed
branch  2 never executed
branch  3 never executed
branch  4 never executed
branch  5 never executed
branch  6 never executed
branch  7 never executed
branch  8 never executed
branch  9 never executed
branch 10 never executed
branch 11 never executed
branch 12 never executed
branch 13 never executed
branch 14 never executed
branch 15 never executed
        -:  773:    {
        -:  774:    
        -:  775:			
        -:  776:    case council_room:
        -:  777:      //+4 Cards
    #####:  778:      for (i = 0; i < 4; i++)
branch  0 never executed
branch  1 never executed
        -:  779:	{
    #####:  780:	  drawCard(currentPlayer, state);
call    0 never executed
        -:  781:	}
        -:  782:			
        -:  783:      //+1 Buy
    #####:  784:      state->numBuys++;
        -:  785:			
        -:  786:      //Each other player draws a card
    #####:  787:      for (i = 0; i < state->numPlayers; i++)
branch  0 never executed
branch  1 never executed
        -:  788:	{
    #####:  789:	  if ( i != currentPlayer )
branch  0 never executed
branch  1 never executed
        -:  790:	    {
    #####:  791:	      drawCard(i, state);
call    0 never executed
        -:  792:	    }
        -:  793:	}
        -:  794:			
        -:  795:      //put played card in played card pile
    #####:  796:      discardCard(handPos, currentPlayer, state, 0);
call    0 never executed
        -:  797:			
    #####:  798:      return 0;
        -:  799:			
        -:  800:    case feast:
        -:  801:      //gain card with cost up to 5
        -:  802:      //Backup hand
    #####:  803:      for (i = 0; i <= state->handCount[currentPlayer]; i++){
branch  0 never executed
branch  1 never executed
    #####:  804:	temphand[i] = state->hand[currentPlayer][i];//Backup card
    #####:  805:	state->hand[currentPlayer][i] = -1;//Set to nothing
        -:  806:      }
        -:  807:      //Backup hand
        -:  808:
        -:  809:      //Update Coins for Buy
    #####:  810:      updateCoins(currentPlayer, state, 5);
call    0 never executed
    #####:  811:      x = 1;//Condition to loop on
    #####:  812:      while( x == 1) {//Buy one card
branch  0 never executed
branch  1 never executed
    #####:  813:	if (supplyCount(choice1, state) <= 0){
call    0 never executed
branch  1 never executed
branch  2 never executed
        -:  814:	  if (DEBUG)
        -:  815:	    printf("None of that card left, sorry!\n");
        -:  816:
        -:  817:	  if (DEBUG){
        -:  818:	    printf("Cards Left: %d\n", supplyCount(choice1, state));
        -:  819:	  }
        -:  820:	}
    #####:  821:	else if (state->coins < getCost(choice1)){
call    0 never executed
branch  1 never executed
branch  2 never executed
    #####:  822:	  printf("That card is too expensive!\n");
call    0 never executed
        -:  823:
        -:  824:	  if (DEBUG){
        -:  825:	    printf("Coins: %d < %d\n", state->coins, getCost(choice1));
        -:  826:	  }
        -:  827:	}
        -:  828:	else{
        -:  829:
        -:  830:	  if (DEBUG){
        -:  831:	    printf("Deck Count: %d\n", state->handCount[currentPlayer] + state->deckCount[currentPlayer] + state->discardCount[currentPlayer]);
        -:  832:	  }
        -:  833:
    #####:  834:	  gainCard(choice1, state, 0, currentPlayer);//Gain the card
call    0 never executed
    #####:  835:	  x = 0;//No more buying cards
        -:  836:
        -:  837:	  if (DEBUG){
        -:  838:	    printf("Deck Count: %d\n", state->handCount[currentPlayer] + state->deckCount[currentPlayer] + state->discardCount[currentPlayer]);
        -:  839:	  }
        -:  840:
        -:  841:	}
        -:  842:      }     
        -:  843:
        -:  844:      //Reset Hand
    #####:  845:      for (i = 0; i <= state->handCount[currentPlayer]; i++){
branch  0 never executed
branch  1 never executed
    #####:  846:	state->hand[currentPlayer][i] = temphand[i];
    #####:  847:	temphand[i] = -1;
        -:  848:      }
        -:  849:      //Reset Hand
        -:  850:      			
    #####:  851:      return 0;
        -:  852:			
        -:  853:    
        -:  854:			
        -:  855:    case mine:
    #####:  856:      j = state->hand[currentPlayer][choice1];  //store card we will trash
        -:  857:
    #####:  858:      if (state->hand[currentPlayer][choice1] < copper || state->hand[currentPlayer][choice1] > gold)
branch  0 never executed
branch  1 never executed
branch  2 never executed
branch  3 never executed
        -:  859:	{
    #####:  860:	  return -1;
        -:  861:	}
        -:  862:		
    #####:  863:      if (choice2 > treasure_map || choice2 < curse)
branch  0 never executed
branch  1 never executed
branch  2 never executed
branch  3 never executed
        -:  864:	{
    #####:  865:	  return -1;
        -:  866:	}
        -:  867:
    #####:  868:      if ( (getCost(state->hand[currentPlayer][choice1]) + 3) > getCost(choice2) )
call    0 never executed
call    1 never executed
branch  2 never executed
branch  3 never executed
        -:  869:	{
    #####:  870:	  return -1;
        -:  871:	}
        -:  872:
    #####:  873:      gainCard(choice2, state, 2, currentPlayer);
call    0 never executed
        -:  874:
        -:  875:      //discard card from hand
    #####:  876:      discardCard(handPos, currentPlayer, state, 0);
call    0 never executed
        -:  877:
        -:  878:      //discard trashed card
    #####:  879:      for (i = 0; i < state->handCount[currentPlayer]; i++)
branch  0 never executed
branch  1 never executed
        -:  880:	{
    #####:  881:	  if (state->hand[currentPlayer][i] == j)
branch  0 never executed
branch  1 never executed
        -:  882:	    {
    #####:  883:	      discardCard(i, currentPlayer, state, 0);			
call    0 never executed
    #####:  884:	      break;
        -:  885:	    }
        -:  886:	}
        -:  887:			
    #####:  888:      return 0;
        -:  889:			
        -:  890:    case remodel:
    #####:  891:      j = state->hand[currentPlayer][choice1];  //store card we will trash
        -:  892:
    #####:  893:      if ( (getCost(state->hand[currentPlayer][choice1]) + 2) > getCost(choice2) )
call    0 never executed
call    1 never executed
branch  2 never executed
branch  3 never executed
        -:  894:	{
    #####:  895:	  return -1;
        -:  896:	}
        -:  897:
    #####:  898:      gainCard(choice2, state, 0, currentPlayer);
call    0 never executed
        -:  899:
        -:  900:      //discard card from hand
    #####:  901:      discardCard(handPos, currentPlayer, state, 0);
call    0 never executed
        -:  902:
        -:  903:      //discard trashed card
    #####:  904:      for (i = 0; i < state->handCount[currentPlayer]; i++)
branch  0 never executed
branch  1 never executed
        -:  905:	{
    #####:  906:	  if (state->hand[currentPlayer][i] == j)
branch  0 never executed
branch  1 never executed
        -:  907:	    {
    #####:  908:	      discardCard(i, currentPlayer, state, 0);			
call    0 never executed
    #####:  909:	      break;
        -:  910:	    }
        -:  911:	}
        -:  912:
        -:  913:
    #####:  914:      return 0;
        -:  915:		
        -:  916:  
        -:  917:		
        -:  918:    case village:
        -:  919:      //+1 Card
    #####:  920:      drawCard(currentPlayer, state);
call    0 never executed
        -:  921:			
        -:  922:      //+2 Actions
    #####:  923:      state->numActions = state->numActions + 2;
        -:  924:			
        -:  925:      //discard played card from hand
    #####:  926:      discardCard(handPos, currentPlayer, state, 0);
call    0 never executed
    #####:  927:      return 0;
        -:  928:		
        -:  929:    case baron:
    #####:  930:      state->numBuys++;//Increase buys by 1!
    #####:  931:      if (choice1 > 0){//Boolean true or going to discard an estate
branch  0 never executed
branch  1 never executed
    #####:  932:	int p = 0;//Iterator for hand!
    #####:  933:	int card_not_discarded = 1;//Flag for discard set!
    #####:  934:	while(card_not_discarded){
branch  0 never executed
branch  1 never executed
    #####:  935:	  if (state->hand[currentPlayer][p] == estate){//Found an estate card!
branch  0 never executed
branch  1 never executed
    #####:  936:	    state->coins += 4;//Add 4 coins to the amount of coins
    #####:  937:	    state->discard[currentPlayer][state->discardCount[currentPlayer]] = state->hand[currentPlayer][p];
    #####:  938:	    state->discardCount[currentPlayer]++;
    #####:  939:	    for (;p < state->handCount[currentPlayer]; p++){
branch  0 never executed
branch  1 never executed
    #####:  940:	      state->hand[currentPlayer][p] = state->hand[currentPlayer][p+1];
        -:  941:	    }
    #####:  942:	    state->hand[currentPlayer][state->handCount[currentPlayer]] = -1;
    #####:  943:	    state->handCount[currentPlayer]--;
    #####:  944:	    card_not_discarded = 0;//Exit the loop
        -:  945:	  }
    #####:  946:	  else if (p > state->handCount[currentPlayer]){
branch  0 never executed
branch  1 never executed
        -:  947:	    if(DEBUG) {
        -:  948:	      printf("No estate cards in your hand, invalid choice\n");
        -:  949:	      printf("Must gain an estate if there are any\n");
        -:  950:	    }
    #####:  951:	    if (supplyCount(estate, state) > 0){
call    0 never executed
branch  1 never executed
branch  2 never executed
    #####:  952:	      gainCard(estate, state, 0, currentPlayer);
call    0 never executed
    #####:  953:	      state->supplyCount[estate]--;//Decrement estates
    #####:  954:	      if (supplyCount(estate, state) == 0){
call    0 never executed
branch  1 never executed
branch  2 never executed
    #####:  955:		isGameOver(state);
call    0 never executed
        -:  956:	      }
        -:  957:	    }
    #####:  958:	    card_not_discarded = 0;//Exit the loop
        -:  959:	  }
        -:  960:			    
        -:  961:	  else{
    #####:  962:	    p++;//Next card
        -:  963:	  }
        -:  964:	}
        -:  965:      }
        -:  966:			    
        -:  967:      else{
    #####:  968:	if (supplyCount(estate, state) > 0){
call    0 never executed
branch  1 never executed
branch  2 never executed
    #####:  969:	  gainCard(estate, state, 0, currentPlayer);//Gain an estate
call    0 never executed
    #####:  970:	  state->supplyCount[estate]--;//Decrement Estates
    #####:  971:	  if (supplyCount(estate, state) == 0){
call    0 never executed
branch  1 never executed
branch  2 never executed
    #####:  972:	    isGameOver(state);
call    0 never executed
        -:  973:	  }
        -:  974:	}
        -:  975:      }
        -:  976:	    
        -:  977:      
    #####:  978:      return 0;
        -:  979:		
        -:  980:    case great_hall:
        -:  981:      //+1 Card
    #####:  982:      drawCard(currentPlayer, state);
call    0 never executed
        -:  983:			
        -:  984:      //+1 Actions
    #####:  985:      state->numActions++;
        -:  986:			
        -:  987:      //discard card from hand
    #####:  988:      discardCard(handPos, currentPlayer, state, 0);
call    0 never executed
    #####:  989:      return 0;
        -:  990:		
        -:  991:    case minion:
        -:  992:      //+1 action
    #####:  993:      state->numActions++;
        -:  994:			
        -:  995:      //discard card from hand
    #####:  996:      discardCard(handPos, currentPlayer, state, 0);
call    0 never executed
        -:  997:			
    #####:  998:      if (choice1)		//+2 coins
branch  0 never executed
branch  1 never executed
        -:  999:	{
    #####: 1000:	  state->coins = state->coins + 2;
        -: 1001:	}
        -: 1002:			
    #####: 1003:      else if (choice2)		//discard hand, redraw 4, other players with 5+ cards discard hand and draw 4
branch  0 never executed
branch  1 never executed
        -: 1004:	{
        -: 1005:	  //discard hand
    #####: 1006:	  while(numHandCards(state) > 0)
call    0 never executed
branch  1 never executed
branch  2 never executed
        -: 1007:	    {
    #####: 1008:	      discardCard(handPos, currentPlayer, state, 0);
call    0 never executed
        -: 1009:	    }
        -: 1010:				
        -: 1011:	  //draw 4
    #####: 1012:	  for (i = 0; i < 4; i++)
branch  0 never executed
branch  1 never executed
        -: 1013:	    {
    #####: 1014:	      drawCard(currentPlayer, state);
call    0 never executed
        -: 1015:	    }
        -: 1016:				
        -: 1017:	  //other players discard hand and redraw if hand size > 4
    #####: 1018:	  for (i = 0; i < state->numPlayers; i++)
branch  0 never executed
branch  1 never executed
        -: 1019:	    {
    #####: 1020:	      if (i != currentPlayer)
branch  0 never executed
branch  1 never executed
        -: 1021:		{
    #####: 1022:		  if ( state->handCount[i] > 4 )
branch  0 never executed
branch  1 never executed
        -: 1023:		    {
        -: 1024:		      //discard hand
    #####: 1025:		      while( state->handCount[i] > 0 )
branch  0 never executed
branch  1 never executed
        -: 1026:			{
    #####: 1027:			  discardCard(handPos, i, state, 0);
call    0 never executed
        -: 1028:			}
        -: 1029:							
        -: 1030:		      //draw 4
    #####: 1031:		      for (j = 0; j < 4; j++)
branch  0 never executed
branch  1 never executed
        -: 1032:			{
    #####: 1033:			  drawCard(i, state);
call    0 never executed
        -: 1034:			}
        -: 1035:		    }
        -: 1036:		}
        -: 1037:	    }
        -: 1038:				
        -: 1039:	}
    #####: 1040:      return 0;
        -: 1041:		
        -: 1042:    case steward:
    #####: 1043:      if (choice1 == 1)
branch  0 never executed
branch  1 never executed
        -: 1044:	{
        -: 1045:	  //+2 cards
    #####: 1046:	  drawCard(currentPlayer, state);
call    0 never executed
    #####: 1047:	  drawCard(currentPlayer, state);
call    0 never executed
        -: 1048:	}
    #####: 1049:      else if (choice1 == 2)
branch  0 never executed
branch  1 never executed
        -: 1050:	{
        -: 1051:	  //+2 coins
    #####: 1052:	  state->coins = state->coins + 2;
        -: 1053:	}
        -: 1054:      else
        -: 1055:	{
        -: 1056:	  //trash 2 cards in hand
    #####: 1057:	  discardCard(choice2, currentPlayer, state, 1);
call    0 never executed
    #####: 1058:	  discardCard(choice3, currentPlayer, state, 1);
call    0 never executed
        -: 1059:	}
        -: 1060:			
        -: 1061:      //discard card from hand
    #####: 1062:      discardCard(handPos, currentPlayer, state, 0);
call    0 never executed
    #####: 1063:      return 0;
        -: 1064:		
        -: 1065:    case tribute:
    #####: 1066:      if ((state->discardCount[nextPlayer] + state->deckCount[nextPlayer]) <= 1){
branch  0 never executed
branch  1 never executed
    #####: 1067:	if (state->deckCount[nextPlayer] > 0){
branch  0 never executed
branch  1 never executed
    #####: 1068:	  tributeRevealedCards[0] = state->deck[nextPlayer][state->deckCount[nextPlayer]-1];
    #####: 1069:	  state->deckCount[nextPlayer]--;
        -: 1070:	}
    #####: 1071:	else if (state->discardCount[nextPlayer] > 0){
branch  0 never executed
branch  1 never executed
    #####: 1072:	  tributeRevealedCards[0] = state->discard[nextPlayer][state->discardCount[nextPlayer]-1];
    #####: 1073:	  state->discardCount[nextPlayer]--;
        -: 1074:	}
        -: 1075:	else{
        -: 1076:	  //No Card to Reveal
        -: 1077:	  if (DEBUG){
        -: 1078:	    printf("No cards to reveal\n");
        -: 1079:	  }
        -: 1080:	}
        -: 1081:      }
        -: 1082:	    
        -: 1083:      else{
    #####: 1084:	if (state->deckCount[nextPlayer] == 0){
branch  0 never executed
branch  1 never executed
    #####: 1085:	  for (i = 0; i < state->discardCount[nextPlayer]; i++){
branch  0 never executed
branch  1 never executed
    #####: 1086:	    state->deck[nextPlayer][i] = state->discard[nextPlayer][i];//Move to deck
    #####: 1087:	    state->deckCount[nextPlayer]++;
    #####: 1088:	    state->discard[nextPlayer][i] = -1;
    #####: 1089:	    state->discardCount[nextPlayer]--;
        -: 1090:	  }
        -: 1091:			    
    #####: 1092:	  shuffle(nextPlayer,state);//Shuffle the deck
call    0 never executed
        -: 1093:	} 
    #####: 1094:	tributeRevealedCards[0] = state->deck[nextPlayer][state->deckCount[nextPlayer]-1];
    #####: 1095:	state->deck[nextPlayer][state->deckCount[nextPlayer]--] = -1;
    #####: 1096:	state->deckCount[nextPlayer]--;
    #####: 1097:	tributeRevealedCards[1] = state->deck[nextPlayer][state->deckCount[nextPlayer]-1];
    #####: 1098:	state->deck[nextPlayer][state->deckCount[nextPlayer]--] = -1;
    #####: 1099:	state->deckCount[nextPlayer]--;
        -: 1100:      }    
        -: 1101:		       
    #####: 1102:      if (tributeRevealedCards[0] == tributeRevealedCards[1]){//If we have a duplicate card, just drop one 
branch  0 never executed
branch  1 never executed
    #####: 1103:	state->playedCards[state->playedCardCount] = tributeRevealedCards[1];
    #####: 1104:	state->playedCardCount++;
    #####: 1105:	tributeRevealedCards[1] = -1;
        -: 1106:      }
        -: 1107:
    #####: 1108:      for (i = 0; i <= 2; i ++){
branch  0 never executed
branch  1 never executed
    #####: 1109:	if (tributeRevealedCards[i] == copper || tributeRevealedCards[i] == silver || tributeRevealedCards[i] == gold){//Treasure cards
branch  0 never executed
branch  1 never executed
branch  2 never executed
branch  3 never executed
branch  4 never executed
branch  5 never executed
    #####: 1110:	  state->coins += 2;
        -: 1111:	}
        -: 1112:		    
    #####: 1113:	else if (tributeRevealedCards[i] == estate || tributeRevealedCards[i] == duchy || tributeRevealedCards[i] == province || tributeRevealedCards[i] == gardens || tributeRevealedCards[i] == great_hall){//Victory Card Found
branch  0 never executed
branch  1 never executed
branch  2 never executed
branch  3 never executed
branch  4 never executed
branch  5 never executed
branch  6 never executed
branch  7 never executed
branch  8 never executed
branch  9 never executed
    #####: 1114:	  drawCard(currentPlayer, state);
call    0 never executed
    #####: 1115:	  drawCard(currentPlayer, state);
call    0 never executed
        -: 1116:	}
        -: 1117:	else{//Action Card
    #####: 1118:	  state->numActions = state->numActions + 2;
        -: 1119:	}
        -: 1120:      }
        -: 1121:	    
    #####: 1122:      return 0;
        -: 1123:		
        -: 1124:    case ambassador:
    #####: 1125:      j = 0;		//used to check if player has enough cards to discard
        -: 1126:
    #####: 1127:      if (choice2 > 2 || choice2 < 0)
branch  0 never executed
branch  1 never executed
branch  2 never executed
branch  3 never executed
        -: 1128:	{
    #####: 1129:	  return -1;				
        -: 1130:	}
        -: 1131:
    #####: 1132:      if (choice1 == handPos)
branch  0 never executed
branch  1 never executed
        -: 1133:	{
    #####: 1134:	  return -1;
        -: 1135:	}
        -: 1136:
    #####: 1137:      for (i = 0; i < state->handCount[currentPlayer]; i++)
branch  0 never executed
branch  1 never executed
        -: 1138:	{
    #####: 1139:	  if (i != handPos && i == state->hand[currentPlayer][choice1] && i != choice1)
branch  0 never executed
branch  1 never executed
branch  2 never executed
branch  3 never executed
branch  4 never executed
branch  5 never executed
        -: 1140:	    {
    #####: 1141:	      j++;
        -: 1142:	    }
        -: 1143:	}
    #####: 1144:      if (j < choice2)
branch  0 never executed
branch  1 never executed
        -: 1145:	{
    #####: 1146:	  return -1;				
        -: 1147:	}
        -: 1148:
        -: 1149:      if (DEBUG) 
        -: 1150:	printf("Player %d reveals card number: %d\n", currentPlayer, state->hand[currentPlayer][choice1]);
        -: 1151:
        -: 1152:      //increase supply count for choosen card by amount being discarded
    #####: 1153:      state->supplyCount[state->hand[currentPlayer][choice1]] += choice2;
        -: 1154:			
        -: 1155:      //each other player gains a copy of revealed card
    #####: 1156:      for (i = 0; i < state->numPlayers; i++)
branch  0 never executed
branch  1 never executed
        -: 1157:	{
    #####: 1158:	  if (i != currentPlayer)
branch  0 never executed
branch  1 never executed
        -: 1159:	    {
    #####: 1160:	      gainCard(state->hand[currentPlayer][choice1], state, 0, i);
call    0 never executed
        -: 1161:	    }
        -: 1162:	}
        -: 1163:
        -: 1164:      //discard played card from hand
    #####: 1165:      discardCard(handPos, currentPlayer, state, 0);			
call    0 never executed
        -: 1166:
        -: 1167:      //trash copies of cards returned to supply
    #####: 1168:      for (j = 0; j < choice2; j++)
branch  0 never executed
branch  1 never executed
        -: 1169:	{
    #####: 1170:	  for (i = 0; i < state->handCount[currentPlayer]; i++)
branch  0 never executed
branch  1 never executed
        -: 1171:	    {
    #####: 1172:	      if (state->hand[currentPlayer][i] == state->hand[currentPlayer][choice1])
branch  0 never executed
branch  1 never executed
        -: 1173:		{
    #####: 1174:		  discardCard(i, currentPlayer, state, 1);
call    0 never executed
    #####: 1175:		  break;
        -: 1176:		}
        -: 1177:	    }
        -: 1178:	}			
        -: 1179:
    #####: 1180:      return 0;
        -: 1181:		
        -: 1182:    case cutpurse:
        -: 1183:
    #####: 1184:      updateCoins(currentPlayer, state, 2);
call    0 never executed
    #####: 1185:      for (i = 0; i < state->numPlayers; i++)
branch  0 never executed
branch  1 never executed
        -: 1186:	{
    #####: 1187:	  if (i != currentPlayer)
branch  0 never executed
branch  1 never executed
        -: 1188:	    {
    #####: 1189:	      for (j = 0; j < state->handCount[i]; j++)
branch  0 never executed
branch  1 never executed
        -: 1190:		{
    #####: 1191:		  if (state->hand[i][j] == copper)
branch  0 never executed
branch  1 never executed
        -: 1192:		    {
    #####: 1193:		      discardCard(j, i, state, 0);
call    0 never executed
    #####: 1194:		      break;
        -: 1195:		    }
    #####: 1196:		  if (j == state->handCount[i])
branch  0 never executed
branch  1 never executed
        -: 1197:		    {
    #####: 1198:		      for (k = 0; k < state->handCount[i]; k++)
branch  0 never executed
branch  1 never executed
        -: 1199:			{
        -: 1200:			  if (DEBUG)
        -: 1201:			    printf("Player %d reveals card number %d\n", i, state->hand[i][k]);
        -: 1202:			}	
    #####: 1203:		      break;
        -: 1204:		    }		
        -: 1205:		}
        -: 1206:					
        -: 1207:	    }
        -: 1208:				
        -: 1209:	}				
        -: 1210:
        -: 1211:      //discard played card from hand
    #####: 1212:      discardCard(handPos, currentPlayer, state, 0);			
call    0 never executed
        -: 1213:
    #####: 1214:      return 0;
        -: 1215:
        -: 1216:		
        -: 1217:    case embargo: 
        -: 1218:      //+2 Coins
    #####: 1219:      state->coins = state->coins + 2;
        -: 1220:			
        -: 1221:      //see if selected pile is in play
    #####: 1222:      if ( state->supplyCount[choice1] == -1 )
branch  0 never executed
branch  1 never executed
        -: 1223:	{
    #####: 1224:	  return -1;
        -: 1225:	}
        -: 1226:			
        -: 1227:      //add embargo token to selected supply pile
    #####: 1228:      state->embargoTokens[choice1]++;
        -: 1229:			
        -: 1230:      //trash card
    #####: 1231:      discardCard(handPos, currentPlayer, state, 1);		
call    0 never executed
    #####: 1232:      return 0;
        -: 1233:		
        -: 1234:    case outpost:
        -: 1235:      //set outpost flag
    #####: 1236:      state->outpostPlayed++;
        -: 1237:			
        -: 1238:      //discard card
    #####: 1239:      discardCard(handPos, currentPlayer, state, 0);
call    0 never executed
    #####: 1240:      return 0;
        -: 1241:		
        -: 1242:    case salvager:
        -: 1243:      //+1 buy
    #####: 1244:      state->numBuys++;
        -: 1245:			
    #####: 1246:      if (choice1)
branch  0 never executed
branch  1 never executed
        -: 1247:	{
        -: 1248:	  //gain coins equal to trashed card
    #####: 1249:	  state->coins = state->coins + getCost( handCard(choice1, state) );
call    0 never executed
call    1 never executed
        -: 1250:	  //trash card
    #####: 1251:	  discardCard(choice1, currentPlayer, state, 1);	
call    0 never executed
        -: 1252:	}
        -: 1253:			
        -: 1254:      //discard card
    #####: 1255:      discardCard(handPos, currentPlayer, state, 0);
call    0 never executed
    #####: 1256:      return 0;
        -: 1257:		
        -: 1258:    
        -: 1259:    }
        -: 1260:	
    #####: 1261:  return -1;
        -: 1262:}
        -: 1263:
function discardCard called 0 returned 0% blocks executed 0%
    #####: 1264:int discardCard(int handPos, int currentPlayer, struct gameState *state, int trashFlag)
        -: 1265:{
        -: 1266:	
        -: 1267:  //if card is not trashed, added to Played pile 
    #####: 1268:  if (trashFlag < 1)
branch  0 never executed
branch  1 never executed
        -: 1269:    {
        -: 1270:      //add card to played pile
    #####: 1271:      state->playedCards[state->playedCardCount] = state->hand[currentPlayer][handPos]; 
    #####: 1272:      state->playedCardCount++;
        -: 1273:    }
        -: 1274:	
        -: 1275:  //set played card to -1
    #####: 1276:  state->hand[currentPlayer][handPos] = -1;
        -: 1277:	
        -: 1278:  //remove card from player's hand
    #####: 1279:  if ( handPos == (state->handCount[currentPlayer] - 1) ) 	//last card in hand array is played
branch  0 never executed
branch  1 never executed
        -: 1280:    {
        -: 1281:      //reduce number of cards in hand
    #####: 1282:      state->handCount[currentPlayer]--;
        -: 1283:    }
    #####: 1284:  else if ( state->handCount[currentPlayer] == 1 ) //only one card in hand
branch  0 never executed
branch  1 never executed
        -: 1285:    {
        -: 1286:      //reduce number of cards in hand
    #####: 1287:      state->handCount[currentPlayer]--;
        -: 1288:    }
        -: 1289:  else 	
        -: 1290:    {
        -: 1291:      //replace discarded card with last card in hand
    #####: 1292:      state->hand[currentPlayer][handPos] = state->hand[currentPlayer][ (state->handCount[currentPlayer] - 1)];
        -: 1293:      //set last card to -1
    #####: 1294:      state->hand[currentPlayer][state->handCount[currentPlayer] - 1] = -1;
        -: 1295:      //reduce number of cards in hand
    #####: 1296:      state->handCount[currentPlayer]--;
        -: 1297:    }
        -: 1298:	
    #####: 1299:  return 0;
        -: 1300:}
        -: 1301:
function gainCard called 0 returned 0% blocks executed 0%
    #####: 1302:int gainCard(int supplyPos, struct gameState *state, int toFlag, int player)
        -: 1303:{
        -: 1304:  //Note: supplyPos is enum of choosen card
        -: 1305:	
        -: 1306:  //check if supply pile is empty (0) or card is not used in game (-1)
    #####: 1307:  if ( supplyCount(supplyPos, state) < 1 )
call    0 never executed
branch  1 never executed
branch  2 never executed
        -: 1308:    {
    #####: 1309:      return -1;
        -: 1310:    }
        -: 1311:	
        -: 1312:  //added card for [whoseTurn] current player:
        -: 1313:  // toFlag = 0 : add to discard
        -: 1314:  // toFlag = 1 : add to deck
        -: 1315:  // toFlag = 2 : add to hand
        -: 1316:
    #####: 1317:  if (toFlag == 1)
branch  0 never executed
branch  1 never executed
        -: 1318:    {
    #####: 1319:      state->deck[ player ][ state->deckCount[player] ] = supplyPos;
    #####: 1320:      state->deckCount[player]++;
        -: 1321:    }
    #####: 1322:  else if (toFlag == 2)
branch  0 never executed
branch  1 never executed
        -: 1323:    {
    #####: 1324:      state->hand[ player ][ state->handCount[player] ] = supplyPos;
    #####: 1325:      state->handCount[player]++;
        -: 1326:    }
        -: 1327:  else
        -: 1328:    {
    #####: 1329:      state->discard[player][ state->discardCount[player] ] = supplyPos;
    #####: 1330:      state->discardCount[player]++;
        -: 1331:    }
        -: 1332:	
        -: 1333:  //decrease number in supply pile
    #####: 1334:  state->supplyCount[supplyPos]--;
        -: 1335:	 
    #####: 1336:  return 0;
        -: 1337:}
        -: 1338:
function updateCoins called 10000 returned 100% blocks executed 82%
    10000: 1339:int updateCoins(int player, struct gameState *state, int bonus)
        -: 1340:{
        -: 1341:  int i;
        -: 1342:	
        -: 1343:  //reset coin count
    10000: 1344:  state->coins = 0;
        -: 1345:
        -: 1346:  //add coins for each Treasure card in player's hand
    60000: 1347:  for (i = 0; i < state->handCount[player]; i++)
branch  0 taken 83%
branch  1 taken 17% (fallthrough)
        -: 1348:    {
    50000: 1349:      if (state->hand[player][i] == copper)
branch  0 taken 70% (fallthrough)
branch  1 taken 30%
        -: 1350:	{
    34915: 1351:	  state->coins += 1;
        -: 1352:	}
    15085: 1353:      else if (state->hand[player][i] == silver)
branch  0 taken 0% (fallthrough)
branch  1 taken 100%
        -: 1354:	{
    #####: 1355:	  state->coins += 2;
        -: 1356:	}
    15085: 1357:      else if (state->hand[player][i] == gold)
branch  0 taken 0% (fallthrough)
branch  1 taken 100%
        -: 1358:	{
    #####: 1359:	  state->coins += 3;
        -: 1360:	}	
        -: 1361:    }	
        -: 1362:
        -: 1363:  //add bonus
    10000: 1364:  state->coins += bonus;
        -: 1365:
    10000: 1366:  return 0;
        -: 1367:}
        -: 1368:
        -: 1369:
        -: 1370://end of dominion.c
        -: 1371:
