        -:    0:Source:unittest1.c
        -:    0:Graph:unittest1.gcno
        -:    0:Data:unittest1.gcda
        -:    0:Runs:1
        -:    0:Programs:1
        -:    1:#include "dominion.h"
        -:    2:#include <assert.h>
        -:    3:#include <stdio.h>
        -:    4:#include "rngs.h"
        -:    5:#include <stdlib.h>
        -:    6:
        -:    7://test of isGameOver() function in dominion.c
        -:    8:
function main called 1 returned 100% blocks executed 83%
        1:    9:int main(int argc, char **argv) {
        -:   10:
        1:   11:printf("/*********************** Testing IsGameOver() **************************/\n");
call    0 returned 100%
        -:   12:
        -:   13://create a gamestate
        -:   14:
        -:   15:struct gameState game;
        1:   16:int k[10] = {1, 2, 3, 4, 5, 6, 7, 8, 9, 10};
        -:   17:
        -:   18://initialize game
        1:   19:int numPlayers = 2;
        1:   20:int seed = rand() % 10; 
call    0 returned 100%
        1:   21:initializeGame(numPlayers, k, seed, &game); 
call    0 returned 100%
        -:   22:
        -:   23://stack of province cards should be at 0 for game to end
        -:   24:
        -:   25://set province count to 0
        1:   26:game.supplyCount[province] = 0;
        -:   27:
        1:   28:if(isGameOver(&game) != 1){
call    0 returned 100%
branch  1 taken 0% (fallthrough)
branch  2 taken 100%
    #####:   29:	printf("ISGAMEOVER() TEST HAS FAILED\n");
call    0 never executed
        -:   30:}
        -:   31:
        -:   32://check if 3 of the supply piles are at 0
        -:   33:
        -:   34://first set supply counts to 0
        1:   35:game.supplyCount[1] = 0;
        1:   36:game.supplyCount[2] = 0;
        1:   37:game.supplyCount[3] = 0; 
        -:   38:
        1:   39:if(isGameOver(&game) != 1){
call    0 returned 100%
branch  1 taken 0% (fallthrough)
branch  2 taken 100%
    #####:   40:	printf("ISGAMEOVER() TEST HAS FAILED\n");
call    0 never executed
        -:   41:}
        -:   42:
        1:   43:printf("ISGAMEOVER() TEST HAS PASSED\n");
call    0 returned 100%
        1:   44:return 0; 
        -:   45:
        -:   46:}
        -:   47:
